1558791420276	mozrunner::runner	INFO	Running command: "C:\\Program Files\\Mozilla Firefox\\firefox.exe" "-marionette" "-foreground" "-no-remote" "-profile" "C:\\Users\\MARCIN~1\\AppData\\Local\\Temp\\rust_mozprofile.T8kaiUm2cpvD"
1558791420603	addons.webextension.screenshots@mozilla.org	WARN	Loading extension 'screenshots@mozilla.org': Reading manifest: Invalid extension permission: mozillaAddons
1558791420604	addons.webextension.screenshots@mozilla.org	WARN	Loading extension 'screenshots@mozilla.org': Reading manifest: Invalid extension permission: resource://pdf.js/
1558791420604	addons.webextension.screenshots@mozilla.org	WARN	Loading extension 'screenshots@mozilla.org': Reading manifest: Invalid extension permission: about:reader*
1558791421838	Marionette	INFO	Listening on port 54220
1558791421897	Marionette	WARN	TLS certificate errors will be ignored for this session
1558791442529	Marionette	INFO	Stopped listening on port 54220
[Child 4444, Chrome_ChildThread] WARNING: pipe error: 109: file z:/build/build/src/ipc/chromium/src/chrome/common/ipc_channel_win.cc, line 332
[Child 4444, Chr[Child 856, Chrome_ChildThread] WARNING: pipe error: 109: file z:/build/build/src/ipc/chromium/src/chrome/common/ipc_channel_win.cc, line 332
[Child 856, Chrome_ChildThread] WARNING: pipe error: 1[Parent 17052, Gecko_IOThread] WARNING: pipe error: 109: file z:/build/build/src/ipc/chromium/src/chrome/common/ipc_channel_win.cc, line 332
[Child 2616, Chrome_ChildThread] WARNING: pipe error: 109: file z:/build/build/src/ipc/chromium/src/chrome/common/ipc_channel_win.cc, line 332
[Child 2616, Chrom
###!!! [Child][RunMessage] Error: Channel closing: too late to send/recv, messages will be lost

[GPU
###!!! [Child][MessageChannel::SendAndWait] Error: Channel error: cannot send/recv

hannel closing: too late to send/recv, messages will be lost


###!!! [Child][MessageChannel::SendAndWait] Error: Channel error: cannot send/recv

ening on port 60922

###!!! [Child][RunMessage] Error: Channel closing: too late to send/recv, messages will be lost

[GPU 11696, Chrom
###!!! [Child][MessageChannel::SendAndWait] Error: Channel error: cannot send/recv

omium/src/chrome/common/ipc_channel_win.cc, line 332
[Child 11724, Chrome_Ch
###!!! [Child][RunMessage] Error: Channel closing: too late to send/recv, messages will be lost

[GPU 2019
###!!! [Child][MessageChannel::SendAndWait] Error: Channel error: cannot send/recv

 Reading manifest: Invalid host permission: resource://pdf.js/
1552306454971	addons.webextension.screenshots@mozilla.org	WARN	Loading extension 'screenshots@mozilla.org': Reading manifest: Invalid host permission: about:reader*

(firefox:1590): Gtk-WARNING **: 13:14:18.067: Theme parsing error: <data>:1:34: Expected ')' in color definition

(firefox:1590): Gtk-WARNING **: 13:14:18.068: Theme parsing error: <data>:1:77: Expected ')' in color definition
1552306471555	Marionette	INFO	Listening on port 42979
1552306471892	Marionette	WARN	TLS certificate errors will be ignored for this session
console.error: BroadcastService: 
  receivedBroadcastMessage: handler for
  remote-settings/monitor_changes
  threw error:
  Message: Error: Polling for changes failed: NetworkError when attempting to fetch resource..
  Stack:
    remoteSettingsFunction/remoteSettings.pollChanges@resource://services-settings/remote-settings.js:750:13

1552306530706	Marionette	INFO	Stopped listening on port 42979
1552306785295	mozrunner::runner	INFO	Running command: "/usr/bin/firefox" "-marionette" "-foreground" "-no-remote" "-profile" "/tmp/rust_mozprofile.uNtw4B1dG0BH"
1552306788494	addons.webextension.screenshots@mozilla.org	WARN	Loading extension 'screenshots@mozilla.org': Reading manifest: Invalid host permission: resource://pdf.js/
1552306788496	addons.webextension.screenshots@mozilla.org	WARN	Loading extension 'screenshots@mozilla.org': Reading manifest: Invalid host permission: about:reader*

(firefox:1850): Gtk-WARNING **: 13:19:50.616: Theme parsing error: <data>:1:34: Expected ')' in color definition

(firefox:1850): Gtk-WARNING **: 13:19:50.616: Theme parsing error: <data>:1:77: Expected ')' in color definition
1552306800310	Marionette	INFO	Listening on port 35059
1552306800484	Marionette	WARN	TLS certificate errors will be ignored for this session
console.error: BroadcastService: 
  receivedBroadcastMessage: handler for
  remote-settings/monitor_changes
  threw error:
  Message: Error: Polling for changes failed: NetworkError when attempting to fetch resource..
  Stack:
    remoteSettingsFunction/remoteSettings.pollChanges@resource://services-settings/remote-settings.js:750:13

1552306852119	Marionette	INFO	Stopped listening on port 35059
